<?xml version="1.0" encoding="UTF-8"?>
<!-- Generated by org.testng.reporters.JUnitReportReporter -->
<testsuite hostname="VAISEKAR-M-W8MH" failures="0" tests="2" name="Demo.project_GET_POST" time="3.282" errors="0" timestamp="2023-05-22T15:43:34 IST" skipped="0">
  <testcase classname="Demo.project_GET_POST" name="createResource" time="2.324"/>
  <system-out/>
  <testcase classname="Demo.project_GET_POST" name="updateResource" time="0.958"/>
  <system-out/>
</testsuite> <!-- Demo.project_GET_POST -->
