<?xml version="1.0" encoding="UTF-8"?>
<!-- Generated by org.testng.reporters.JUnitReportReporter -->
<testsuite hostname="VAISEKAR-M-W8MH" failures="0" tests="1" name="Demo.GETDEMO" time="3.506" errors="0" timestamp="2023-05-01T02:01:34 IST" skipped="0">
  <testcase classname="Demo.GETDEMO" name="getALLCountryNames" time="3.506"/>
  <system-out/>
</testsuite> <!-- Demo.GETDEMO -->
