<?xml version="1.0" encoding="UTF-8"?>
<!-- Generated by org.testng.reporters.JUnitReportReporter -->
<testsuite hostname="VAISEKAR-M-W8MH" failures="0" tests="1" name="Demo.PUTDemo" time="1.821" errors="0" timestamp="2023-05-22T15:24:39 IST" skipped="0">
  <testcase classname="Demo.PUTDemo" name="updateResource" time="1.821"/>
  <system-out/>
</testsuite> <!-- Demo.PUTDemo -->
