<?xml version="1.0" encoding="UTF-8"?>
<!-- Generated by org.testng.reporters.JUnitReportReporter -->
<testsuite hostname="VAISEKAR-M-W8MH" failures="0" tests="1" name="Demo.VerifyCountryCapital" time="2.604" errors="0" timestamp="2023-04-17T17:13:54 IST" skipped="0">
  <testcase classname="Demo.VerifyCountryCapital" name="getAllCOuntryNames" time="2.604"/>
  <system-out/>
</testsuite> <!-- Demo.VerifyCountryCapital -->
