<?xml version="1.0" encoding="UTF-8"?>
<!-- Generated by org.testng.reporters.JUnitReportReporter -->
<testsuite hostname="VAISEKAR-M-W8MH" failures="0" tests="1" name="Demo.DeleteDemo" time="2.161" errors="0" timestamp="2023-04-17T16:29:44 IST" skipped="0">
  <testcase classname="Demo.DeleteDemo" name="deleteResource" time="2.161"/>
  <system-out/>
</testsuite> <!-- Demo.DeleteDemo -->
