<?xml version="1.0" encoding="UTF-8"?>
<!-- Generated by org.testng.reporters.JUnitReportReporter -->
<testsuite hostname="VAISEKAR-M-W8MH" failures="0" tests="1" name="Demo.GETCurrentWeatherinfo" time="1.756" errors="0" timestamp="2023-04-29T00:04:09 IST" skipped="0">
  <testcase classname="Demo.GETCurrentWeatherinfo" name="getcurrentweatherunfo" time="1.756"/>
  <system-out/>
</testsuite> <!-- Demo.GETCurrentWeatherinfo -->
