<?xml version="1.0" encoding="UTF-8"?>
<!-- Generated by org.testng.reporters.JUnitReportReporter -->
<testsuite hostname="VAISEKAR-M-W8MH" failures="0" tests="5" name="Demo.Verify_POST_GET_PUT_DELResources" time="6.671" errors="0" timestamp="2023-05-22T15:36:27 IST" skipped="0">
  <testcase classname="Demo.Verify_POST_GET_PUT_DELResources" name="createResource" time="2.767"/>
  <system-out/>
  <testcase classname="Demo.Verify_POST_GET_PUT_DELResources" name="getResourceInfo" time="1.031"/>
  <system-out/>
  <testcase classname="Demo.Verify_POST_GET_PUT_DELResources" name="updateResource" time="0.968"/>
  <system-out/>
  <testcase classname="Demo.Verify_POST_GET_PUT_DELResources" name="verifyResourceUpdated" time="0.945"/>
  <system-out/>
  <testcase classname="Demo.Verify_POST_GET_PUT_DELResources" name="deleteResource" time="0.960"/>
  <system-out/>
</testsuite> <!-- Demo.Verify_POST_GET_PUT_DELResources -->
