<?xml version="1.0" encoding="UTF-8"?>
<!-- Generated by org.testng.reporters.JUnitReportReporter -->
<testsuite hostname="VAISEKAR-M-W8MH" failures="0" tests="2" name="Demo.POSTDemo" time="3.270" errors="0" timestamp="2023-05-22T15:45:47 IST" skipped="0">
  <testcase classname="Demo.POSTDemo" name="createResource" time="2.240"/>
  <system-out/>
  <testcase classname="Demo.POSTDemo" name="updateResource" time="1.030"/>
  <system-out/>
</testsuite> <!-- Demo.POSTDemo -->
