<?xml version="1.0" encoding="UTF-8"?>
<!-- Generated by org.testng.reporters.JUnitReportReporter -->
<testsuite hostname="VAISEKAR-M-W8MH" failures="0" tests="1" name="Demo.GETResource$GETDEMO" time="1.510" errors="0" timestamp="2023-04-29T00:58:31 IST" skipped="0">
  <testcase classname="Demo.GETResource$GETDEMO" name="getResourceInfo" time="1.510"/>
  <system-out/>
</testsuite> <!-- Demo.GETResource$GETDEMO -->
